c:\users\jonathan\desktop\stuff\personal\projects\chicken\sfml\sfml\release\vc120.pdb
c:\users\jonathan\desktop\stuff\personal\projects\chicken\sfml\sfml\release\playstate.obj
c:\users\jonathan\desktop\stuff\personal\projects\chicken\sfml\sfml\release\main.obj
c:\users\jonathan\desktop\stuff\personal\projects\chicken\sfml\sfml\release\iomanager.obj
c:\users\jonathan\desktop\stuff\personal\projects\chicken\sfml\sfml\release\gamecontext.obj
c:\users\jonathan\desktop\stuff\personal\projects\chicken\sfml\sfml\release\rocketsmoke.obj
c:\users\jonathan\desktop\stuff\personal\projects\chicken\sfml\sfml\release\renderer.obj
c:\users\jonathan\desktop\stuff\personal\projects\chicken\sfml\sfml\release\playercontrols.obj
c:\users\jonathan\desktop\stuff\personal\projects\chicken\sfml\sfml\release\playeranimation.obj
c:\users\jonathan\desktop\stuff\personal\projects\chicken\sfml\sfml\release\mainmenustate.obj
c:\users\jonathan\desktop\stuff\personal\projects\chicken\sfml\sfml\release\leveleditor.obj
c:\users\jonathan\desktop\stuff\personal\projects\chicken\sfml\sfml\release\highscorestate.obj
c:\users\jonathan\desktop\stuff\personal\projects\chicken\sfml\sfml\release\gamelogic.obj
c:\users\jonathan\desktop\stuff\personal\projects\chicken\sfml\sfml\release\errorhandler.obj
c:\users\jonathan\desktop\stuff\personal\projects\chicken\sfml\sfml\release\entitymanager.obj
c:\users\jonathan\desktop\stuff\personal\projects\chicken\sfml\sfml\release\dynamicentity.obj
c:\users\jonathan\desktop\stuff\personal\projects\chicken\sfml\sfml\release\creditsstate.obj
c:\users\jonathan\desktop\stuff\personal\projects\chicken\sfml\sfml\release\controllers.obj
c:\users\jonathan\desktop\stuff\personal\projects\chicken\sfml\sfml\release\camera.obj
c:\users\jonathan\desktop\stuff\personal\projects\chicken\sfml\sfml\release\abstractstate.obj
c:\users\jonathan\desktop\stuff\personal\projects\chicken\sfml\sfml\release\abstractentity.obj
c:\users\jonathan\desktop\stuff\personal\projects\chicken\sfml\sfml\release\utility.obj
c:\users\jonathan\desktop\stuff\personal\projects\chicken\sfml\sfml\release\userinput.obj
c:\users\jonathan\desktop\stuff\personal\projects\chicken\sfml\sfml\release\texturemanager.obj
c:\users\jonathan\desktop\stuff\personal\projects\chicken\sfml\sfml\release\textmanager.obj
c:\users\jonathan\desktop\stuff\personal\projects\chicken\sfml\sfml\release\test_userinput.obj
c:\users\jonathan\desktop\stuff\personal\projects\chicken\sfml\sfml\release\staticentity.obj
c:\users\jonathan\desktop\stuff\personal\projects\chicken\sfml\sfml\release\statemanager.obj
c:\users\jonathan\desktop\stuff\personal\projects\chicken\sfml\sfml\release\splashscreenstate.obj
c:\users\jonathan\desktop\stuff\personal\projects\chicken\sfml\sfml\release\soundmanager.obj
c:\users\jonathan\desktop\stuff\personal\projects\chicken\sfml\release\sfml.exe
c:\users\jonathan\desktop\stuff\personal\projects\chicken\sfml\release\sfml.pdb
c:\users\jonathan\desktop\stuff\personal\projects\chicken\sfml\sfml\release\sfml.tlog\cl.command.1.tlog
c:\users\jonathan\desktop\stuff\personal\projects\chicken\sfml\sfml\release\sfml.tlog\cl.read.1.tlog
c:\users\jonathan\desktop\stuff\personal\projects\chicken\sfml\sfml\release\sfml.tlog\cl.write.1.tlog
c:\users\jonathan\desktop\stuff\personal\projects\chicken\sfml\sfml\release\sfml.tlog\link.command.1.tlog
c:\users\jonathan\desktop\stuff\personal\projects\chicken\sfml\sfml\release\sfml.tlog\link.read.1.tlog
c:\users\jonathan\desktop\stuff\personal\projects\chicken\sfml\sfml\release\sfml.tlog\link.write.1.tlog
