Build started 12/10/2014 09:26:30.
     1>Project "C:\Users\seagu_000\Desktop\stuff\personal\projects\chicken\SFML\SFML\SFML.vcxproj" on node 2 (Build target(s)).
     1>ClCompile:
         C:\Program Files (x86)\Microsoft Visual Studio 12.0\VC\bin\CL.exe /c /I"C:\dev\SFML-2.1-VS2012\include" /Zi /nologo /W3 /WX- /sdl /O2 /Oi /Oy- /GL /D WIN32 /D NDEBUG /D _WINDOWS /D _UNICODE /D UNICODE /Gm- /EHsc /MD /GS /Gy /fp:precise /Zc:wchar_t /Zc:forScope /Fo"Release\\" /Fd"Release\vc120.pdb" /Gd /TP /analyze- /errorReport:prompt PlayState.cpp
         PlayState.cpp
       Link:
         C:\Program Files (x86)\Microsoft Visual Studio 12.0\VC\bin\link.exe /ERRORREPORT:PROMPT /OUT:"C:\Users\seagu_000\Desktop\stuff\personal\projects\chicken\SFML\Release\SFML.exe" /INCREMENTAL:NO /NOLOGO /LIBPATH:"C:\dev\SFML-2.1-VS2012\lib" kernel32.lib user32.lib gdi32.lib winspool.lib comdlg32.lib advapi32.lib shell32.lib ole32.lib oleaut32.lib uuid.lib odbc32.lib odbccp32.lib /MANIFEST /MANIFESTUAC:"level='asInvoker' uiAccess='false'" /manifest:embed /DEBUG /PDB:"C:\Users\seagu_000\Desktop\stuff\personal\projects\chicken\SFML\Release\SFML.pdb" /SUBSYSTEM:WINDOWS /OPT:REF /OPT:ICF /LTCG /TLBID:1 /DYNAMICBASE /NXCOMPAT /IMPLIB:"C:\Users\seagu_000\Desktop\stuff\personal\projects\chicken\SFML\Release\SFML.lib" /MACHINE:X86 /SAFESEH Release\AbstractEntity.obj
         Release\AbstractState.obj
         Release\Camera.obj
         Release\Controllers.obj
         Release\CreditsState.obj
         Release\DynamicEntity.obj
         Release\EntityManager.obj
         Release\ErrorHandler.obj
         Release\GameLogic.obj
         Release\HighScoreState.obj
         Release\LevelEditor.obj
         Release\MainMenuState.obj
         Release\PlayerAnimation.obj
         Release\PlayerControls.obj
         Release\Renderer.obj
         Release\RocketSmoke.obj
         Release\GameContext.obj
         Release\IOManager.obj
         Release\main.obj
         Release\PlayState.obj
         Release\SoundManager.obj
         Release\SplashScreenState.obj
         Release\StateManager.obj
         Release\StaticEntity.obj
         Release\Test_UserInput.obj
         Release\TextManager.obj
         Release\TextureManager.obj
         Release\UserInput.obj
         Release\Utility.obj
         Generating code
         Finished generating code
         SFML.vcxproj -> C:\Users\seagu_000\Desktop\stuff\personal\projects\chicken\SFML\Release\SFML.exe
     1>Done Building Project "C:\Users\seagu_000\Desktop\stuff\personal\projects\chicken\SFML\SFML\SFML.vcxproj" (Build target(s)).

Build succeeded.

Time Elapsed 00:00:05.65
