c:\users\seagu_000\desktop\stuff\personal\projects\chicken\sfml\sfml\debug\vc120.pdb
c:\users\seagu_000\desktop\stuff\personal\projects\chicken\sfml\sfml\debug\vc120.idb
c:\users\seagu_000\desktop\stuff\personal\projects\chicken\sfml\sfml\debug\highscorestate.obj
c:\users\seagu_000\desktop\stuff\personal\projects\chicken\sfml\sfml\debug\leveleditor.obj
c:\users\seagu_000\desktop\stuff\personal\projects\chicken\sfml\sfml\debug\mainmenustate.obj
c:\users\seagu_000\desktop\stuff\personal\projects\chicken\sfml\sfml\debug\playeranimation.obj
c:\users\seagu_000\desktop\stuff\personal\projects\chicken\sfml\sfml\debug\playercontrols.obj
c:\users\seagu_000\desktop\stuff\personal\projects\chicken\sfml\sfml\debug\renderer.obj
c:\users\seagu_000\desktop\stuff\personal\projects\chicken\sfml\sfml\debug\rocketsmoke.obj
c:\users\seagu_000\desktop\stuff\personal\projects\chicken\sfml\sfml\debug\gamecontext.obj
c:\users\seagu_000\desktop\stuff\personal\projects\chicken\sfml\sfml\debug\iomanager.obj
c:\users\seagu_000\desktop\stuff\personal\projects\chicken\sfml\sfml\debug\main.obj
c:\users\seagu_000\desktop\stuff\personal\projects\chicken\sfml\sfml\debug\playstate.obj
c:\users\seagu_000\desktop\stuff\personal\projects\chicken\sfml\sfml\debug\soundmanager.obj
c:\users\seagu_000\desktop\stuff\personal\projects\chicken\sfml\sfml\debug\splashscreenstate.obj
c:\users\seagu_000\desktop\stuff\personal\projects\chicken\sfml\sfml\debug\statemanager.obj
c:\users\seagu_000\desktop\stuff\personal\projects\chicken\sfml\sfml\debug\staticentity.obj
c:\users\seagu_000\desktop\stuff\personal\projects\chicken\sfml\sfml\debug\test_userinput.obj
c:\users\seagu_000\desktop\stuff\personal\projects\chicken\sfml\sfml\debug\textmanager.obj
c:\users\seagu_000\desktop\stuff\personal\projects\chicken\sfml\sfml\debug\texturemanager.obj
c:\users\seagu_000\desktop\stuff\personal\projects\chicken\sfml\sfml\debug\userinput.obj
c:\users\seagu_000\desktop\stuff\personal\projects\chicken\sfml\sfml\debug\utility.obj
c:\users\seagu_000\desktop\stuff\personal\projects\chicken\sfml\sfml\debug\abstractentity.obj
c:\users\seagu_000\desktop\stuff\personal\projects\chicken\sfml\sfml\debug\abstractstate.obj
c:\users\seagu_000\desktop\stuff\personal\projects\chicken\sfml\sfml\debug\camera.obj
c:\users\seagu_000\desktop\stuff\personal\projects\chicken\sfml\sfml\debug\controllers.obj
c:\users\seagu_000\desktop\stuff\personal\projects\chicken\sfml\sfml\debug\creditsstate.obj
c:\users\seagu_000\desktop\stuff\personal\projects\chicken\sfml\sfml\debug\dynamicentity.obj
c:\users\seagu_000\desktop\stuff\personal\projects\chicken\sfml\sfml\debug\entitymanager.obj
c:\users\seagu_000\desktop\stuff\personal\projects\chicken\sfml\sfml\debug\errorhandler.obj
c:\users\seagu_000\desktop\stuff\personal\projects\chicken\sfml\sfml\debug\gamelogic.obj
c:\users\seagu_000\desktop\stuff\personal\projects\chicken\sfml\debug\sfml.ilk
c:\users\seagu_000\desktop\stuff\personal\projects\chicken\sfml\debug\sfml.exe
c:\users\seagu_000\desktop\stuff\personal\projects\chicken\sfml\debug\sfml.pdb
c:\users\seagu_000\desktop\stuff\personal\projects\chicken\sfml\sfml\debug\sfml.tlog\cl.command.1.tlog
c:\users\seagu_000\desktop\stuff\personal\projects\chicken\sfml\sfml\debug\sfml.tlog\cl.read.1.tlog
c:\users\seagu_000\desktop\stuff\personal\projects\chicken\sfml\sfml\debug\sfml.tlog\cl.write.1.tlog
c:\users\seagu_000\desktop\stuff\personal\projects\chicken\sfml\sfml\debug\sfml.tlog\link.command.1.tlog
c:\users\seagu_000\desktop\stuff\personal\projects\chicken\sfml\sfml\debug\sfml.tlog\link.read.1.tlog
c:\users\seagu_000\desktop\stuff\personal\projects\chicken\sfml\sfml\debug\sfml.tlog\link.write.1.tlog
